<?xml version="1.0" encoding="UTF-8"?>
<!-- Generated by org.testng.reporters.JUnitReportReporter -->
<testsuite hostname="DESKTOP-2GAOE5D" failures="0" tests="1" name="com.testNg.Test.HelloTestNg" time="0.009" errors="0" timestamp="2022-09-18T19:33:48 IST" skipped="0">
  <testcase classname="com.testNg.Test.HelloTestNg" name="demo" time="0.009"/>
  <system-out/>
</testsuite> <!-- com.testNg.Test.HelloTestNg -->
