<?xml version="1.0" encoding="UTF-8"?>
<!-- Generated by org.testng.reporters.JUnitReportReporter -->
<testsuite hostname="DESKTOP-2GAOE5D" failures="0" tests="2" name="com.testNg.Test.TestngTest" time="0.009" errors="0" timestamp="2022-09-26T10:16:13 IST" skipped="0">
  <testcase classname="com.testNg.Test.TestngTest" name="demo2" time="0.001"/>
  <system-out/>
  <testcase classname="com.testNg.Test.TestngTest" name="demo" time="0.008"/>
  <system-out/>
</testsuite> <!-- com.testNg.Test.TestngTest -->
