<?xml version="1.0" encoding="UTF-8"?>
<!-- Generated by org.testng.reporters.JUnitReportReporter -->
<testsuite hostname="DESKTOP-2GAOE5D" failures="0" tests="1" name="com.testNg.Test.TestngTest2" time="0.002" errors="0" timestamp="2022-09-26T10:16:13 IST" skipped="0">
  <testcase classname="com.testNg.Test.TestngTest2" name="ploan" time="0.002"/>
  <system-out/>
</testsuite> <!-- com.testNg.Test.TestngTest2 -->
